<?xml version="1.0" encoding="UTF-8"?>
<!-- Generated by org.testng.reporters.JUnitXMLReporter -->
<testsuite ignored="4" hostname="DESKTOP-LDUR2H9" failures="0" tests="2" name="Test3" time="173.579" errors="0" timestamp="2022-03-16T15:59:36 IST">
  <testcase classname="com.crm.autodesk.ProductsTest.CreatingProductsWithProductInformationTest" name="createProductWithProductInfo" time="65.814"/>
  <testcase classname="com.crm.autodesk.OrganizationsTest.CreateOrganizationsWithIndustryTest" name="createOrgWithIndustry" time="26.293"/>
  <testcase classname="com.crm.autodesk.generic.utility.BaseClass" name="@AfterTest afterTest" time="0.0">
    <ignored/>
  </testcase> <!-- @AfterTest afterTest -->
  <testcase classname="com.crm.autodesk.generic.utility.BaseClass" name="@BeforeTest beforeTest" time="0.0">
    <ignored/>
  </testcase> <!-- @BeforeTest beforeTest -->
  <testcase classname="com.crm.autodesk.generic.utility.BaseClass" name="@AfterSuite afterSuite" time="0.0">
    <ignored/>
  </testcase> <!-- @AfterSuite afterSuite -->
  <testcase classname="com.crm.autodesk.generic.utility.BaseClass" name="@BeforeSuite beforeSuite" time="0.0">
    <ignored/>
  </testcase> <!-- @BeforeSuite beforeSuite -->
</testsuite> <!-- Test3 -->
